<?xml version="1.0" encoding="UTF-8"?>
<testsuite name="com.plete.basic.BasicApplicationTests" tests="2" skipped="0" failures="0" errors="0" timestamp="2023-07-17T18:49:46" hostname="DESKTOP-EIPEMBU" time="3.242">
  <properties/>
  <testcase name="testJpa()" classname="com.plete.basic.BasicApplicationTests" time="3.232"/>
  <testcase name="contextLoads()" classname="com.plete.basic.BasicApplicationTests" time="0.008"/>
  <system-out><![CDATA[03:49:22.616 [Test worker] DEBUG org.springframework.test.context.BootstrapUtils - Instantiating CacheAwareContextLoaderDelegate from class [org.springframework.test.context.cache.DefaultCacheAwareContextLoaderDelegate]
03:49:22.677 [Test worker] DEBUG org.springframework.test.context.BootstrapUtils - Instantiating BootstrapContext using constructor [public org.springframework.test.context.support.DefaultBootstrapContext(java.lang.Class,org.springframework.test.context.CacheAwareContextLoaderDelegate)]
03:49:22.830 [Test worker] DEBUG org.springframework.test.context.BootstrapUtils - Instantiating TestContextBootstrapper for test class [com.plete.basic.BasicApplicationTests] from class [org.springframework.boot.test.context.SpringBootTestContextBootstrapper]
03:49:22.873 [Test worker] INFO org.springframework.boot.test.context.SpringBootTestContextBootstrapper - Neither @ContextConfiguration nor @ContextHierarchy found for test class [com.plete.basic.BasicApplicationTests], using SpringBootContextLoader
03:49:22.889 [Test worker] DEBUG org.springframework.test.context.support.AbstractContextLoader - Did not detect default resource location for test class [com.plete.basic.BasicApplicationTests]: class path resource [com/plete/basic/BasicApplicationTests-context.xml] does not exist
03:49:22.892 [Test worker] DEBUG org.springframework.test.context.support.AbstractContextLoader - Did not detect default resource location for test class [com.plete.basic.BasicApplicationTests]: class path resource [com/plete/basic/BasicApplicationTestsContext.groovy] does not exist
03:49:22.894 [Test worker] INFO org.springframework.test.context.support.AbstractContextLoader - Could not detect default resource locations for test class [com.plete.basic.BasicApplicationTests]: no resource found for suffixes {-context.xml, Context.groovy}.
03:49:22.899 [Test worker] INFO org.springframework.test.context.support.AnnotationConfigContextLoaderUtils - Could not detect default configuration classes for test class [com.plete.basic.BasicApplicationTests]: BasicApplicationTests does not declare any static, non-private, non-final, nested classes annotated with @Configuration.
03:49:23.082 [Test worker] DEBUG org.springframework.test.context.support.ActiveProfilesUtils - Could not find an 'annotation declaring class' for annotation type [org.springframework.test.context.ActiveProfiles] and class [com.plete.basic.BasicApplicationTests]
03:49:23.337 [Test worker] DEBUG org.springframework.context.annotation.ClassPathScanningCandidateComponentProvider - Identified candidate component class: file [C:\Users\SAMSUNG\Documents\basic\build\classes\java\main\com\plete\basic\BasicApplication.class]
03:49:23.414 [Test worker] INFO org.springframework.boot.test.context.SpringBootTestContextBootstrapper - Found @SpringBootConfiguration com.plete.basic.BasicApplication for test class com.plete.basic.BasicApplicationTests
03:49:23.986 [Test worker] DEBUG org.springframework.boot.test.context.SpringBootTestContextBootstrapper - @TestExecutionListeners is not present for class [com.plete.basic.BasicApplicationTests]: using defaults.
03:49:23.989 [Test worker] INFO org.springframework.boot.test.context.SpringBootTestContextBootstrapper - Loaded default TestExecutionListener class names from location [META-INF/spring.factories]: [org.springframework.boot.test.autoconfigure.restdocs.RestDocsTestExecutionListener, org.springframework.boot.test.autoconfigure.web.client.MockRestServiceServerResetTestExecutionListener, org.springframework.boot.test.autoconfigure.web.servlet.MockMvcPrintOnlyOnFailureTestExecutionListener, org.springframework.boot.test.autoconfigure.web.servlet.WebDriverTestExecutionListener, org.springframework.boot.test.autoconfigure.webservices.client.MockWebServiceServerTestExecutionListener, org.springframework.boot.test.mock.mockito.MockitoTestExecutionListener, org.springframework.boot.test.mock.mockito.ResetMocksTestExecutionListener, org.springframework.test.context.web.ServletTestExecutionListener, org.springframework.test.context.support.DirtiesContextBeforeModesTestExecutionListener, org.springframework.test.context.event.ApplicationEventsTestExecutionListener, org.springframework.test.context.support.DependencyInjectionTestExecutionListener, org.springframework.test.context.support.DirtiesContextTestExecutionListener, org.springframework.test.context.transaction.TransactionalTestExecutionListener, org.springframework.test.context.jdbc.SqlScriptsTestExecutionListener, org.springframework.test.context.event.EventPublishingTestExecutionListener]
03:49:24.095 [Test worker] INFO org.springframework.boot.test.context.SpringBootTestContextBootstrapper - Using TestExecutionListeners: [org.springframework.test.context.web.ServletTestExecutionListener@19868320, org.springframework.test.context.support.DirtiesContextBeforeModesTestExecutionListener@50b0bc4c, org.springframework.test.context.event.ApplicationEventsTestExecutionListener@c20be82, org.springframework.boot.test.mock.mockito.MockitoTestExecutionListener@13c612bd, org.springframework.boot.test.autoconfigure.SpringBootDependencyInjectionTestExecutionListener@3ef41c66, org.springframework.test.context.support.DirtiesContextTestExecutionListener@6b739528, org.springframework.test.context.transaction.TransactionalTestExecutionListener@622ef26a, org.springframework.test.context.jdbc.SqlScriptsTestExecutionListener@41de5768, org.springframework.test.context.event.EventPublishingTestExecutionListener@5f577419, org.springframework.boot.test.autoconfigure.restdocs.RestDocsTestExecutionListener@28fa700e, org.springframework.boot.test.autoconfigure.web.client.MockRestServiceServerResetTestExecutionListener@3d526ad9, org.springframework.boot.test.autoconfigure.web.servlet.MockMvcPrintOnlyOnFailureTestExecutionListener@e041f0c, org.springframework.boot.test.autoconfigure.web.servlet.WebDriverTestExecutionListener@6a175569, org.springframework.boot.test.autoconfigure.webservices.client.MockWebServiceServerTestExecutionListener@11963225, org.springframework.boot.test.mock.mockito.ResetMocksTestExecutionListener@3f3c966c]
03:49:24.113 [Test worker] DEBUG org.springframework.test.context.support.AbstractDirtiesContextTestExecutionListener - Before test class: context [DefaultTestContext@467f77a5 testClass = BasicApplicationTests, testInstance = [null], testMethod = [null], testException = [null], mergedContextConfiguration = [WebMergedContextConfiguration@1bb9aa43 testClass = BasicApplicationTests, locations = '{}', classes = '{class com.plete.basic.BasicApplication}', contextInitializerClasses = '[]', activeProfiles = '{}', propertySourceLocations = '{}', propertySourceProperties = '{org.springframework.boot.test.context.SpringBootTestContextBootstrapper=true}', contextCustomizers = set[org.springframework.boot.test.autoconfigure.actuate.metrics.MetricsExportContextCustomizerFactory$DisableMetricExportContextCustomizer@328cf0e1, org.springframework.boot.test.autoconfigure.properties.PropertyMappingContextCustomizer@0, org.springframework.boot.test.autoconfigure.web.servlet.WebDriverContextCustomizerFactory$Customizer@14b030a0, org.springframework.boot.test.context.filter.ExcludeFilterContextCustomizer@56bca85b, org.springframework.boot.test.json.DuplicateJsonObjectContextCustomizerFactory$DuplicateJsonObjectContextCustomizer@22b53226, org.springframework.boot.test.mock.mockito.MockitoContextCustomizer@0, org.springframework.boot.test.web.client.TestRestTemplateContextCustomizer@306851c7, org.springframework.boot.test.context.SpringBootTestArgs@1, org.springframework.boot.test.context.SpringBootTestWebEnvironment@205d38da], resourceBasePath = 'src/main/webapp', contextLoader = 'org.springframework.boot.test.context.SpringBootContextLoader', parent = [null]], attributes = map['org.springframework.test.context.web.ServletTestExecutionListener.activateListener' -> true]], class annotated with @DirtiesContext [false] with mode [null].

  .   ____          _            __ _ _
 /\\ / ___'_ __ _ _(_)_ __  __ _ \ \ \ \
( ( )\___ | '_ | '_| | '_ \/ _` | \ \ \ \
 \\/  ___)| |_)| | | | | || (_| |  ) ) ) )
  '  |____| .__|_| |_|_| |_\__, | / / / /
 =========|_|==============|___/=/_/_/_/
 :: Spring Boot ::      (v2.7.14-SNAPSHOT)

2023-07-18 03:49:25.773  INFO 14992 --- [    Test worker] com.plete.basic.BasicApplicationTests    : Starting BasicApplicationTests using Java 11.0.6 on DESKTOP-EIPEMBU with PID 14992 (started by SAMSUNG in C:\Users\SAMSUNG\Documents\basic)
2023-07-18 03:49:25.778  INFO 14992 --- [    Test worker] com.plete.basic.BasicApplicationTests    : No active profile set, falling back to 1 default profile: "default"
2023-07-18 03:49:30.233  INFO 14992 --- [    Test worker] .s.d.r.c.RepositoryConfigurationDelegate : Bootstrapping Spring Data JPA repositories in DEFAULT mode.
2023-07-18 03:49:30.490  INFO 14992 --- [    Test worker] .s.d.r.c.RepositoryConfigurationDelegate : Finished Spring Data repository scanning in 221 ms. Found 2 JPA repository interfaces.
2023-07-18 03:49:32.986  INFO 14992 --- [    Test worker] o.hibernate.jpa.internal.util.LogHelper  : HHH000204: Processing PersistenceUnitInfo [name: default]
2023-07-18 03:49:33.381  INFO 14992 --- [    Test worker] org.hibernate.Version                    : HHH000412: Hibernate ORM core version 5.6.15.Final
2023-07-18 03:49:34.271  INFO 14992 --- [    Test worker] o.hibernate.annotations.common.Version   : HCANN000001: Hibernate Commons Annotations {5.1.2.Final}
2023-07-18 03:49:34.824  INFO 14992 --- [    Test worker] com.zaxxer.hikari.HikariDataSource       : HikariPool-1 - Starting...
2023-07-18 03:49:35.641  INFO 14992 --- [    Test worker] com.zaxxer.hikari.HikariDataSource       : HikariPool-1 - Start completed.
2023-07-18 03:49:35.729  INFO 14992 --- [    Test worker] org.hibernate.dialect.Dialect            : HHH000400: Using dialect: org.hibernate.dialect.MySQLDialect
2023-07-18 03:49:38.867  INFO 14992 --- [    Test worker] o.h.e.t.j.p.i.JtaPlatformInitiator       : HHH000490: Using JtaPlatform implementation: [org.hibernate.engine.transaction.jta.platform.internal.NoJtaPlatform]
2023-07-18 03:49:38.914  INFO 14992 --- [    Test worker] j.LocalContainerEntityManagerFactoryBean : Initialized JPA EntityManagerFactory for persistence unit 'default'
2023-07-18 03:49:40.830  WARN 14992 --- [    Test worker] .s.s.UserDetailsServiceAutoConfiguration : 

Using generated security password: 2d0b4767-5cd2-4d96-a158-4d4062722a34

This generated password is for development use only. Your security configuration must be updated before running your application in production.

2023-07-18 03:49:41.793  INFO 14992 --- [    Test worker] o.s.s.web.DefaultSecurityFilterChain     : Will secure any request with [org.springframework.security.web.session.DisableEncodeUrlFilter@215404a1, org.springframework.security.web.context.request.async.WebAsyncManagerIntegrationFilter@391b03b, org.springframework.security.web.context.SecurityContextPersistenceFilter@f245168, org.springframework.security.web.header.HeaderWriterFilter@15a6a91f, org.springframework.security.web.csrf.CsrfFilter@1c571162, org.springframework.security.web.authentication.logout.LogoutFilter@2eb9c7ad, org.springframework.security.web.savedrequest.RequestCacheAwareFilter@52b32622, org.springframework.security.web.servletapi.SecurityContextHolderAwareRequestFilter@21f94fe3, org.springframework.security.web.authentication.AnonymousAuthenticationFilter@4a977146, org.springframework.security.web.session.SessionManagementFilter@6693818c, org.springframework.security.web.access.ExceptionTranslationFilter@5bfdc92b, org.springframework.security.web.access.intercept.AuthorizationFilter@524c3e54]
2023-07-18 03:49:42.851  WARN 14992 --- [    Test worker] JpaBaseConfiguration$JpaWebConfiguration : spring.jpa.open-in-view is enabled by default. Therefore, database queries may be performed during view rendering. Explicitly configure spring.jpa.open-in-view to disable this warning
2023-07-18 03:49:44.022  INFO 14992 --- [    Test worker] o.s.b.a.w.s.WelcomePageHandlerMapping    : Adding welcome page template: index
2023-07-18 03:49:46.271  INFO 14992 --- [    Test worker] com.plete.basic.BasicApplicationTests    : Started BasicApplicationTests in 21.991 seconds (JVM running for 32.397)
Hibernate: 
    insert 
    into
        question
        (content, create_date, subject) 
    values
        (?, ?, ?)
Hibernate: 
    insert 
    into
        question
        (content, create_date, subject) 
    values
        (?, ?, ?)
Hibernate: 
    insert 
    into
        question
        (content, create_date, subject) 
    values
        (?, ?, ?)
Hibernate: 
    insert 
    into
        question
        (content, create_date, subject) 
    values
        (?, ?, ?)
Hibernate: 
    insert 
    into
        question
        (content, create_date, subject) 
    values
        (?, ?, ?)
Hibernate: 
    insert 
    into
        question
        (content, create_date, subject) 
    values
        (?, ?, ?)
Hibernate: 
    insert 
    into
        question
        (content, create_date, subject) 
    values
        (?, ?, ?)
Hibernate: 
    insert 
    into
        question
        (content, create_date, subject) 
    values
        (?, ?, ?)
Hibernate: 
    insert 
    into
        question
        (content, create_date, subject) 
    values
        (?, ?, ?)
Hibernate: 
    insert 
    into
        question
        (content, create_date, subject) 
    values
        (?, ?, ?)
Hibernate: 
    insert 
    into
        question
        (content, create_date, subject) 
    values
        (?, ?, ?)
Hibernate: 
    insert 
    into
        question
        (content, create_date, subject) 
    values
        (?, ?, ?)
Hibernate: 
    insert 
    into
        question
        (content, create_date, subject) 
    values
        (?, ?, ?)
Hibernate: 
    insert 
    into
        question
        (content, create_date, subject) 
    values
        (?, ?, ?)
Hibernate: 
    insert 
    into
        question
        (content, create_date, subject) 
    values
        (?, ?, ?)
Hibernate: 
    insert 
    into
        question
        (content, create_date, subject) 
    values
        (?, ?, ?)
Hibernate: 
    insert 
    into
        question
        (content, create_date, subject) 
    values
        (?, ?, ?)
Hibernate: 
    insert 
    into
        question
        (content, create_date, subject) 
    values
        (?, ?, ?)
Hibernate: 
    insert 
    into
        question
        (content, create_date, subject) 
    values
        (?, ?, ?)
Hibernate: 
    insert 
    into
        question
        (content, create_date, subject) 
    values
        (?, ?, ?)
Hibernate: 
    insert 
    into
        question
        (content, create_date, subject) 
    values
        (?, ?, ?)
Hibernate: 
    insert 
    into
        question
        (content, create_date, subject) 
    values
        (?, ?, ?)
Hibernate: 
    insert 
    into
        question
        (content, create_date, subject) 
    values
        (?, ?, ?)
Hibernate: 
    insert 
    into
        question
        (content, create_date, subject) 
    values
        (?, ?, ?)
Hibernate: 
    insert 
    into
        question
        (content, create_date, subject) 
    values
        (?, ?, ?)
Hibernate: 
    insert 
    into
        question
        (content, create_date, subject) 
    values
        (?, ?, ?)
Hibernate: 
    insert 
    into
        question
        (content, create_date, subject) 
    values
        (?, ?, ?)
Hibernate: 
    insert 
    into
        question
        (content, create_date, subject) 
    values
        (?, ?, ?)
Hibernate: 
    insert 
    into
        question
        (content, create_date, subject) 
    values
        (?, ?, ?)
Hibernate: 
    insert 
    into
        question
        (content, create_date, subject) 
    values
        (?, ?, ?)
Hibernate: 
    insert 
    into
        question
        (content, create_date, subject) 
    values
        (?, ?, ?)
Hibernate: 
    insert 
    into
        question
        (content, create_date, subject) 
    values
        (?, ?, ?)
Hibernate: 
    insert 
    into
        question
        (content, create_date, subject) 
    values
        (?, ?, ?)
Hibernate: 
    insert 
    into
        question
        (content, create_date, subject) 
    values
        (?, ?, ?)
Hibernate: 
    insert 
    into
        question
        (content, create_date, subject) 
    values
        (?, ?, ?)
Hibernate: 
    insert 
    into
        question
        (content, create_date, subject) 
    values
        (?, ?, ?)
Hibernate: 
    insert 
    into
        question
        (content, create_date, subject) 
    values
        (?, ?, ?)
Hibernate: 
    insert 
    into
        question
        (content, create_date, subject) 
    values
        (?, ?, ?)
Hibernate: 
    insert 
    into
        question
        (content, create_date, subject) 
    values
        (?, ?, ?)
Hibernate: 
    insert 
    into
        question
        (content, create_date, subject) 
    values
        (?, ?, ?)
Hibernate: 
    insert 
    into
        question
        (content, create_date, subject) 
    values
        (?, ?, ?)
Hibernate: 
    insert 
    into
        question
        (content, create_date, subject) 
    values
        (?, ?, ?)
Hibernate: 
    insert 
    into
        question
        (content, create_date, subject) 
    values
        (?, ?, ?)
Hibernate: 
    insert 
    into
        question
        (content, create_date, subject) 
    values
        (?, ?, ?)
Hibernate: 
    insert 
    into
        question
        (content, create_date, subject) 
    values
        (?, ?, ?)
Hibernate: 
    insert 
    into
        question
        (content, create_date, subject) 
    values
        (?, ?, ?)
Hibernate: 
    insert 
    into
        question
        (content, create_date, subject) 
    values
        (?, ?, ?)
Hibernate: 
    insert 
    into
        question
        (content, create_date, subject) 
    values
        (?, ?, ?)
Hibernate: 
    insert 
    into
        question
        (content, create_date, subject) 
    values
        (?, ?, ?)
Hibernate: 
    insert 
    into
        question
        (content, create_date, subject) 
    values
        (?, ?, ?)
Hibernate: 
    insert 
    into
        question
        (content, create_date, subject) 
    values
        (?, ?, ?)
Hibernate: 
    insert 
    into
        question
        (content, create_date, subject) 
    values
        (?, ?, ?)
Hibernate: 
    insert 
    into
        question
        (content, create_date, subject) 
    values
        (?, ?, ?)
Hibernate: 
    insert 
    into
        question
        (content, create_date, subject) 
    values
        (?, ?, ?)
Hibernate: 
    insert 
    into
        question
        (content, create_date, subject) 
    values
        (?, ?, ?)
Hibernate: 
    insert 
    into
        question
        (content, create_date, subject) 
    values
        (?, ?, ?)
Hibernate: 
    insert 
    into
        question
        (content, create_date, subject) 
    values
        (?, ?, ?)
Hibernate: 
    insert 
    into
        question
        (content, create_date, subject) 
    values
        (?, ?, ?)
Hibernate: 
    insert 
    into
        question
        (content, create_date, subject) 
    values
        (?, ?, ?)
Hibernate: 
    insert 
    into
        question
        (content, create_date, subject) 
    values
        (?, ?, ?)
Hibernate: 
    insert 
    into
        question
        (content, create_date, subject) 
    values
        (?, ?, ?)
Hibernate: 
    insert 
    into
        question
        (content, create_date, subject) 
    values
        (?, ?, ?)
Hibernate: 
    insert 
    into
        question
        (content, create_date, subject) 
    values
        (?, ?, ?)
Hibernate: 
    insert 
    into
        question
        (content, create_date, subject) 
    values
        (?, ?, ?)
Hibernate: 
    insert 
    into
        question
        (content, create_date, subject) 
    values
        (?, ?, ?)
Hibernate: 
    insert 
    into
        question
        (content, create_date, subject) 
    values
        (?, ?, ?)
Hibernate: 
    insert 
    into
        question
        (content, create_date, subject) 
    values
        (?, ?, ?)
Hibernate: 
    insert 
    into
        question
        (content, create_date, subject) 
    values
        (?, ?, ?)
Hibernate: 
    insert 
    into
        question
        (content, create_date, subject) 
    values
        (?, ?, ?)
Hibernate: 
    insert 
    into
        question
        (content, create_date, subject) 
    values
        (?, ?, ?)
Hibernate: 
    insert 
    into
        question
        (content, create_date, subject) 
    values
        (?, ?, ?)
Hibernate: 
    insert 
    into
        question
        (content, create_date, subject) 
    values
        (?, ?, ?)
Hibernate: 
    insert 
    into
        question
        (content, create_date, subject) 
    values
        (?, ?, ?)
Hibernate: 
    insert 
    into
        question
        (content, create_date, subject) 
    values
        (?, ?, ?)
Hibernate: 
    insert 
    into
        question
        (content, create_date, subject) 
    values
        (?, ?, ?)
Hibernate: 
    insert 
    into
        question
        (content, create_date, subject) 
    values
        (?, ?, ?)
Hibernate: 
    insert 
    into
        question
        (content, create_date, subject) 
    values
        (?, ?, ?)
Hibernate: 
    insert 
    into
        question
        (content, create_date, subject) 
    values
        (?, ?, ?)
Hibernate: 
    insert 
    into
        question
        (content, create_date, subject) 
    values
        (?, ?, ?)
Hibernate: 
    insert 
    into
        question
        (content, create_date, subject) 
    values
        (?, ?, ?)
Hibernate: 
    insert 
    into
        question
        (content, create_date, subject) 
    values
        (?, ?, ?)
Hibernate: 
    insert 
    into
        question
        (content, create_date, subject) 
    values
        (?, ?, ?)
Hibernate: 
    insert 
    into
        question
        (content, create_date, subject) 
    values
        (?, ?, ?)
Hibernate: 
    insert 
    into
        question
        (content, create_date, subject) 
    values
        (?, ?, ?)
Hibernate: 
    insert 
    into
        question
        (content, create_date, subject) 
    values
        (?, ?, ?)
Hibernate: 
    insert 
    into
        question
        (content, create_date, subject) 
    values
        (?, ?, ?)
Hibernate: 
    insert 
    into
        question
        (content, create_date, subject) 
    values
        (?, ?, ?)
Hibernate: 
    insert 
    into
        question
        (content, create_date, subject) 
    values
        (?, ?, ?)
Hibernate: 
    insert 
    into
        question
        (content, create_date, subject) 
    values
        (?, ?, ?)
Hibernate: 
    insert 
    into
        question
        (content, create_date, subject) 
    values
        (?, ?, ?)
Hibernate: 
    insert 
    into
        question
        (content, create_date, subject) 
    values
        (?, ?, ?)
Hibernate: 
    insert 
    into
        question
        (content, create_date, subject) 
    values
        (?, ?, ?)
Hibernate: 
    insert 
    into
        question
        (content, create_date, subject) 
    values
        (?, ?, ?)
Hibernate: 
    insert 
    into
        question
        (content, create_date, subject) 
    values
        (?, ?, ?)
Hibernate: 
    insert 
    into
        question
        (content, create_date, subject) 
    values
        (?, ?, ?)
Hibernate: 
    insert 
    into
        question
        (content, create_date, subject) 
    values
        (?, ?, ?)
Hibernate: 
    insert 
    into
        question
        (content, create_date, subject) 
    values
        (?, ?, ?)
Hibernate: 
    insert 
    into
        question
        (content, create_date, subject) 
    values
        (?, ?, ?)
Hibernate: 
    insert 
    into
        question
        (content, create_date, subject) 
    values
        (?, ?, ?)
Hibernate: 
    insert 
    into
        question
        (content, create_date, subject) 
    values
        (?, ?, ?)
Hibernate: 
    insert 
    into
        question
        (content, create_date, subject) 
    values
        (?, ?, ?)
Hibernate: 
    insert 
    into
        question
        (content, create_date, subject) 
    values
        (?, ?, ?)
Hibernate: 
    insert 
    into
        question
        (content, create_date, subject) 
    values
        (?, ?, ?)
Hibernate: 
    insert 
    into
        question
        (content, create_date, subject) 
    values
        (?, ?, ?)
Hibernate: 
    insert 
    into
        question
        (content, create_date, subject) 
    values
        (?, ?, ?)
Hibernate: 
    insert 
    into
        question
        (content, create_date, subject) 
    values
        (?, ?, ?)
Hibernate: 
    insert 
    into
        question
        (content, create_date, subject) 
    values
        (?, ?, ?)
Hibernate: 
    insert 
    into
        question
        (content, create_date, subject) 
    values
        (?, ?, ?)
Hibernate: 
    insert 
    into
        question
        (content, create_date, subject) 
    values
        (?, ?, ?)
Hibernate: 
    insert 
    into
        question
        (content, create_date, subject) 
    values
        (?, ?, ?)
Hibernate: 
    insert 
    into
        question
        (content, create_date, subject) 
    values
        (?, ?, ?)
Hibernate: 
    insert 
    into
        question
        (content, create_date, subject) 
    values
        (?, ?, ?)
Hibernate: 
    insert 
    into
        question
        (content, create_date, subject) 
    values
        (?, ?, ?)
Hibernate: 
    insert 
    into
        question
        (content, create_date, subject) 
    values
        (?, ?, ?)
Hibernate: 
    insert 
    into
        question
        (content, create_date, subject) 
    values
        (?, ?, ?)
Hibernate: 
    insert 
    into
        question
        (content, create_date, subject) 
    values
        (?, ?, ?)
Hibernate: 
    insert 
    into
        question
        (content, create_date, subject) 
    values
        (?, ?, ?)
Hibernate: 
    insert 
    into
        question
        (content, create_date, subject) 
    values
        (?, ?, ?)
Hibernate: 
    insert 
    into
        question
        (content, create_date, subject) 
    values
        (?, ?, ?)
Hibernate: 
    insert 
    into
        question
        (content, create_date, subject) 
    values
        (?, ?, ?)
Hibernate: 
    insert 
    into
        question
        (content, create_date, subject) 
    values
        (?, ?, ?)
Hibernate: 
    insert 
    into
        question
        (content, create_date, subject) 
    values
        (?, ?, ?)
Hibernate: 
    insert 
    into
        question
        (content, create_date, subject) 
    values
        (?, ?, ?)
Hibernate: 
    insert 
    into
        question
        (content, create_date, subject) 
    values
        (?, ?, ?)
Hibernate: 
    insert 
    into
        question
        (content, create_date, subject) 
    values
        (?, ?, ?)
Hibernate: 
    insert 
    into
        question
        (content, create_date, subject) 
    values
        (?, ?, ?)
Hibernate: 
    insert 
    into
        question
        (content, create_date, subject) 
    values
        (?, ?, ?)
Hibernate: 
    insert 
    into
        question
        (content, create_date, subject) 
    values
        (?, ?, ?)
Hibernate: 
    insert 
    into
        question
        (content, create_date, subject) 
    values
        (?, ?, ?)
Hibernate: 
    insert 
    into
        question
        (content, create_date, subject) 
    values
        (?, ?, ?)
Hibernate: 
    insert 
    into
        question
        (content, create_date, subject) 
    values
        (?, ?, ?)
Hibernate: 
    insert 
    into
        question
        (content, create_date, subject) 
    values
        (?, ?, ?)
Hibernate: 
    insert 
    into
        question
        (content, create_date, subject) 
    values
        (?, ?, ?)
Hibernate: 
    insert 
    into
        question
        (content, create_date, subject) 
    values
        (?, ?, ?)
Hibernate: 
    insert 
    into
        question
        (content, create_date, subject) 
    values
        (?, ?, ?)
Hibernate: 
    insert 
    into
        question
        (content, create_date, subject) 
    values
        (?, ?, ?)
Hibernate: 
    insert 
    into
        question
        (content, create_date, subject) 
    values
        (?, ?, ?)
Hibernate: 
    insert 
    into
        question
        (content, create_date, subject) 
    values
        (?, ?, ?)
Hibernate: 
    insert 
    into
        question
        (content, create_date, subject) 
    values
        (?, ?, ?)
Hibernate: 
    insert 
    into
        question
        (content, create_date, subject) 
    values
        (?, ?, ?)
Hibernate: 
    insert 
    into
        question
        (content, create_date, subject) 
    values
        (?, ?, ?)
Hibernate: 
    insert 
    into
        question
        (content, create_date, subject) 
    values
        (?, ?, ?)
Hibernate: 
    insert 
    into
        question
        (content, create_date, subject) 
    values
        (?, ?, ?)
Hibernate: 
    insert 
    into
        question
        (content, create_date, subject) 
    values
        (?, ?, ?)
Hibernate: 
    insert 
    into
        question
        (content, create_date, subject) 
    values
        (?, ?, ?)
Hibernate: 
    insert 
    into
        question
        (content, create_date, subject) 
    values
        (?, ?, ?)
Hibernate: 
    insert 
    into
        question
        (content, create_date, subject) 
    values
        (?, ?, ?)
Hibernate: 
    insert 
    into
        question
        (content, create_date, subject) 
    values
        (?, ?, ?)
Hibernate: 
    insert 
    into
        question
        (content, create_date, subject) 
    values
        (?, ?, ?)
Hibernate: 
    insert 
    into
        question
        (content, create_date, subject) 
    values
        (?, ?, ?)
Hibernate: 
    insert 
    into
        question
        (content, create_date, subject) 
    values
        (?, ?, ?)
Hibernate: 
    insert 
    into
        question
        (content, create_date, subject) 
    values
        (?, ?, ?)
Hibernate: 
    insert 
    into
        question
        (content, create_date, subject) 
    values
        (?, ?, ?)
Hibernate: 
    insert 
    into
        question
        (content, create_date, subject) 
    values
        (?, ?, ?)
Hibernate: 
    insert 
    into
        question
        (content, create_date, subject) 
    values
        (?, ?, ?)
Hibernate: 
    insert 
    into
        question
        (content, create_date, subject) 
    values
        (?, ?, ?)
Hibernate: 
    insert 
    into
        question
        (content, create_date, subject) 
    values
        (?, ?, ?)
Hibernate: 
    insert 
    into
        question
        (content, create_date, subject) 
    values
        (?, ?, ?)
Hibernate: 
    insert 
    into
        question
        (content, create_date, subject) 
    values
        (?, ?, ?)
Hibernate: 
    insert 
    into
        question
        (content, create_date, subject) 
    values
        (?, ?, ?)
Hibernate: 
    insert 
    into
        question
        (content, create_date, subject) 
    values
        (?, ?, ?)
Hibernate: 
    insert 
    into
        question
        (content, create_date, subject) 
    values
        (?, ?, ?)
Hibernate: 
    insert 
    into
        question
        (content, create_date, subject) 
    values
        (?, ?, ?)
Hibernate: 
    insert 
    into
        question
        (content, create_date, subject) 
    values
        (?, ?, ?)
Hibernate: 
    insert 
    into
        question
        (content, create_date, subject) 
    values
        (?, ?, ?)
Hibernate: 
    insert 
    into
        question
        (content, create_date, subject) 
    values
        (?, ?, ?)
Hibernate: 
    insert 
    into
        question
        (content, create_date, subject) 
    values
        (?, ?, ?)
Hibernate: 
    insert 
    into
        question
        (content, create_date, subject) 
    values
        (?, ?, ?)
Hibernate: 
    insert 
    into
        question
        (content, create_date, subject) 
    values
        (?, ?, ?)
Hibernate: 
    insert 
    into
        question
        (content, create_date, subject) 
    values
        (?, ?, ?)
Hibernate: 
    insert 
    into
        question
        (content, create_date, subject) 
    values
        (?, ?, ?)
Hibernate: 
    insert 
    into
        question
        (content, create_date, subject) 
    values
        (?, ?, ?)
Hibernate: 
    insert 
    into
        question
        (content, create_date, subject) 
    values
        (?, ?, ?)
Hibernate: 
    insert 
    into
        question
        (content, create_date, subject) 
    values
        (?, ?, ?)
Hibernate: 
    insert 
    into
        question
        (content, create_date, subject) 
    values
        (?, ?, ?)
Hibernate: 
    insert 
    into
        question
        (content, create_date, subject) 
    values
        (?, ?, ?)
Hibernate: 
    insert 
    into
        question
        (content, create_date, subject) 
    values
        (?, ?, ?)
Hibernate: 
    insert 
    into
        question
        (content, create_date, subject) 
    values
        (?, ?, ?)
Hibernate: 
    insert 
    into
        question
        (content, create_date, subject) 
    values
        (?, ?, ?)
Hibernate: 
    insert 
    into
        question
        (content, create_date, subject) 
    values
        (?, ?, ?)
Hibernate: 
    insert 
    into
        question
        (content, create_date, subject) 
    values
        (?, ?, ?)
Hibernate: 
    insert 
    into
        question
        (content, create_date, subject) 
    values
        (?, ?, ?)
Hibernate: 
    insert 
    into
        question
        (content, create_date, subject) 
    values
        (?, ?, ?)
Hibernate: 
    insert 
    into
        question
        (content, create_date, subject) 
    values
        (?, ?, ?)
Hibernate: 
    insert 
    into
        question
        (content, create_date, subject) 
    values
        (?, ?, ?)
Hibernate: 
    insert 
    into
        question
        (content, create_date, subject) 
    values
        (?, ?, ?)
Hibernate: 
    insert 
    into
        question
        (content, create_date, subject) 
    values
        (?, ?, ?)
Hibernate: 
    insert 
    into
        question
        (content, create_date, subject) 
    values
        (?, ?, ?)
Hibernate: 
    insert 
    into
        question
        (content, create_date, subject) 
    values
        (?, ?, ?)
Hibernate: 
    insert 
    into
        question
        (content, create_date, subject) 
    values
        (?, ?, ?)
Hibernate: 
    insert 
    into
        question
        (content, create_date, subject) 
    values
        (?, ?, ?)
Hibernate: 
    insert 
    into
        question
        (content, create_date, subject) 
    values
        (?, ?, ?)
Hibernate: 
    insert 
    into
        question
        (content, create_date, subject) 
    values
        (?, ?, ?)
Hibernate: 
    insert 
    into
        question
        (content, create_date, subject) 
    values
        (?, ?, ?)
Hibernate: 
    insert 
    into
        question
        (content, create_date, subject) 
    values
        (?, ?, ?)
Hibernate: 
    insert 
    into
        question
        (content, create_date, subject) 
    values
        (?, ?, ?)
Hibernate: 
    insert 
    into
        question
        (content, create_date, subject) 
    values
        (?, ?, ?)
Hibernate: 
    insert 
    into
        question
        (content, create_date, subject) 
    values
        (?, ?, ?)
Hibernate: 
    insert 
    into
        question
        (content, create_date, subject) 
    values
        (?, ?, ?)
Hibernate: 
    insert 
    into
        question
        (content, create_date, subject) 
    values
        (?, ?, ?)
Hibernate: 
    insert 
    into
        question
        (content, create_date, subject) 
    values
        (?, ?, ?)
Hibernate: 
    insert 
    into
        question
        (content, create_date, subject) 
    values
        (?, ?, ?)
Hibernate: 
    insert 
    into
        question
        (content, create_date, subject) 
    values
        (?, ?, ?)
Hibernate: 
    insert 
    into
        question
        (content, create_date, subject) 
    values
        (?, ?, ?)
Hibernate: 
    insert 
    into
        question
        (content, create_date, subject) 
    values
        (?, ?, ?)
Hibernate: 
    insert 
    into
        question
        (content, create_date, subject) 
    values
        (?, ?, ?)
Hibernate: 
    insert 
    into
        question
        (content, create_date, subject) 
    values
        (?, ?, ?)
Hibernate: 
    insert 
    into
        question
        (content, create_date, subject) 
    values
        (?, ?, ?)
Hibernate: 
    insert 
    into
        question
        (content, create_date, subject) 
    values
        (?, ?, ?)
Hibernate: 
    insert 
    into
        question
        (content, create_date, subject) 
    values
        (?, ?, ?)
Hibernate: 
    insert 
    into
        question
        (content, create_date, subject) 
    values
        (?, ?, ?)
Hibernate: 
    insert 
    into
        question
        (content, create_date, subject) 
    values
        (?, ?, ?)
Hibernate: 
    insert 
    into
        question
        (content, create_date, subject) 
    values
        (?, ?, ?)
Hibernate: 
    insert 
    into
        question
        (content, create_date, subject) 
    values
        (?, ?, ?)
Hibernate: 
    insert 
    into
        question
        (content, create_date, subject) 
    values
        (?, ?, ?)
Hibernate: 
    insert 
    into
        question
        (content, create_date, subject) 
    values
        (?, ?, ?)
Hibernate: 
    insert 
    into
        question
        (content, create_date, subject) 
    values
        (?, ?, ?)
Hibernate: 
    insert 
    into
        question
        (content, create_date, subject) 
    values
        (?, ?, ?)
Hibernate: 
    insert 
    into
        question
        (content, create_date, subject) 
    values
        (?, ?, ?)
Hibernate: 
    insert 
    into
        question
        (content, create_date, subject) 
    values
        (?, ?, ?)
Hibernate: 
    insert 
    into
        question
        (content, create_date, subject) 
    values
        (?, ?, ?)
Hibernate: 
    insert 
    into
        question
        (content, create_date, subject) 
    values
        (?, ?, ?)
Hibernate: 
    insert 
    into
        question
        (content, create_date, subject) 
    values
        (?, ?, ?)
Hibernate: 
    insert 
    into
        question
        (content, create_date, subject) 
    values
        (?, ?, ?)
Hibernate: 
    insert 
    into
        question
        (content, create_date, subject) 
    values
        (?, ?, ?)
Hibernate: 
    insert 
    into
        question
        (content, create_date, subject) 
    values
        (?, ?, ?)
Hibernate: 
    insert 
    into
        question
        (content, create_date, subject) 
    values
        (?, ?, ?)
Hibernate: 
    insert 
    into
        question
        (content, create_date, subject) 
    values
        (?, ?, ?)
Hibernate: 
    insert 
    into
        question
        (content, create_date, subject) 
    values
        (?, ?, ?)
Hibernate: 
    insert 
    into
        question
        (content, create_date, subject) 
    values
        (?, ?, ?)
Hibernate: 
    insert 
    into
        question
        (content, create_date, subject) 
    values
        (?, ?, ?)
Hibernate: 
    insert 
    into
        question
        (content, create_date, subject) 
    values
        (?, ?, ?)
Hibernate: 
    insert 
    into
        question
        (content, create_date, subject) 
    values
        (?, ?, ?)
Hibernate: 
    insert 
    into
        question
        (content, create_date, subject) 
    values
        (?, ?, ?)
Hibernate: 
    insert 
    into
        question
        (content, create_date, subject) 
    values
        (?, ?, ?)
Hibernate: 
    insert 
    into
        question
        (content, create_date, subject) 
    values
        (?, ?, ?)
Hibernate: 
    insert 
    into
        question
        (content, create_date, subject) 
    values
        (?, ?, ?)
Hibernate: 
    insert 
    into
        question
        (content, create_date, subject) 
    values
        (?, ?, ?)
Hibernate: 
    insert 
    into
        question
        (content, create_date, subject) 
    values
        (?, ?, ?)
Hibernate: 
    insert 
    into
        question
        (content, create_date, subject) 
    values
        (?, ?, ?)
Hibernate: 
    insert 
    into
        question
        (content, create_date, subject) 
    values
        (?, ?, ?)
Hibernate: 
    insert 
    into
        question
        (content, create_date, subject) 
    values
        (?, ?, ?)
Hibernate: 
    insert 
    into
        question
        (content, create_date, subject) 
    values
        (?, ?, ?)
Hibernate: 
    insert 
    into
        question
        (content, create_date, subject) 
    values
        (?, ?, ?)
Hibernate: 
    insert 
    into
        question
        (content, create_date, subject) 
    values
        (?, ?, ?)
Hibernate: 
    insert 
    into
        question
        (content, create_date, subject) 
    values
        (?, ?, ?)
Hibernate: 
    insert 
    into
        question
        (content, create_date, subject) 
    values
        (?, ?, ?)
Hibernate: 
    insert 
    into
        question
        (content, create_date, subject) 
    values
        (?, ?, ?)
Hibernate: 
    insert 
    into
        question
        (content, create_date, subject) 
    values
        (?, ?, ?)
Hibernate: 
    insert 
    into
        question
        (content, create_date, subject) 
    values
        (?, ?, ?)
Hibernate: 
    insert 
    into
        question
        (content, create_date, subject) 
    values
        (?, ?, ?)
Hibernate: 
    insert 
    into
        question
        (content, create_date, subject) 
    values
        (?, ?, ?)
Hibernate: 
    insert 
    into
        question
        (content, create_date, subject) 
    values
        (?, ?, ?)
Hibernate: 
    insert 
    into
        question
        (content, create_date, subject) 
    values
        (?, ?, ?)
Hibernate: 
    insert 
    into
        question
        (content, create_date, subject) 
    values
        (?, ?, ?)
Hibernate: 
    insert 
    into
        question
        (content, create_date, subject) 
    values
        (?, ?, ?)
Hibernate: 
    insert 
    into
        question
        (content, create_date, subject) 
    values
        (?, ?, ?)
Hibernate: 
    insert 
    into
        question
        (content, create_date, subject) 
    values
        (?, ?, ?)
Hibernate: 
    insert 
    into
        question
        (content, create_date, subject) 
    values
        (?, ?, ?)
Hibernate: 
    insert 
    into
        question
        (content, create_date, subject) 
    values
        (?, ?, ?)
Hibernate: 
    insert 
    into
        question
        (content, create_date, subject) 
    values
        (?, ?, ?)
Hibernate: 
    insert 
    into
        question
        (content, create_date, subject) 
    values
        (?, ?, ?)
Hibernate: 
    insert 
    into
        question
        (content, create_date, subject) 
    values
        (?, ?, ?)
Hibernate: 
    insert 
    into
        question
        (content, create_date, subject) 
    values
        (?, ?, ?)
Hibernate: 
    insert 
    into
        question
        (content, create_date, subject) 
    values
        (?, ?, ?)
Hibernate: 
    insert 
    into
        question
        (content, create_date, subject) 
    values
        (?, ?, ?)
Hibernate: 
    insert 
    into
        question
        (content, create_date, subject) 
    values
        (?, ?, ?)
Hibernate: 
    insert 
    into
        question
        (content, create_date, subject) 
    values
        (?, ?, ?)
Hibernate: 
    insert 
    into
        question
        (content, create_date, subject) 
    values
        (?, ?, ?)
Hibernate: 
    insert 
    into
        question
        (content, create_date, subject) 
    values
        (?, ?, ?)
Hibernate: 
    insert 
    into
        question
        (content, create_date, subject) 
    values
        (?, ?, ?)
Hibernate: 
    insert 
    into
        question
        (content, create_date, subject) 
    values
        (?, ?, ?)
Hibernate: 
    insert 
    into
        question
        (content, create_date, subject) 
    values
        (?, ?, ?)
Hibernate: 
    insert 
    into
        question
        (content, create_date, subject) 
    values
        (?, ?, ?)
Hibernate: 
    insert 
    into
        question
        (content, create_date, subject) 
    values
        (?, ?, ?)
Hibernate: 
    insert 
    into
        question
        (content, create_date, subject) 
    values
        (?, ?, ?)
Hibernate: 
    insert 
    into
        question
        (content, create_date, subject) 
    values
        (?, ?, ?)
Hibernate: 
    insert 
    into
        question
        (content, create_date, subject) 
    values
        (?, ?, ?)
Hibernate: 
    insert 
    into
        question
        (content, create_date, subject) 
    values
        (?, ?, ?)
Hibernate: 
    insert 
    into
        question
        (content, create_date, subject) 
    values
        (?, ?, ?)
Hibernate: 
    insert 
    into
        question
        (content, create_date, subject) 
    values
        (?, ?, ?)
Hibernate: 
    insert 
    into
        question
        (content, create_date, subject) 
    values
        (?, ?, ?)
Hibernate: 
    insert 
    into
        question
        (content, create_date, subject) 
    values
        (?, ?, ?)
Hibernate: 
    insert 
    into
        question
        (content, create_date, subject) 
    values
        (?, ?, ?)
Hibernate: 
    insert 
    into
        question
        (content, create_date, subject) 
    values
        (?, ?, ?)
Hibernate: 
    insert 
    into
        question
        (content, create_date, subject) 
    values
        (?, ?, ?)
Hibernate: 
    insert 
    into
        question
        (content, create_date, subject) 
    values
        (?, ?, ?)
Hibernate: 
    insert 
    into
        question
        (content, create_date, subject) 
    values
        (?, ?, ?)
Hibernate: 
    insert 
    into
        question
        (content, create_date, subject) 
    values
        (?, ?, ?)
Hibernate: 
    insert 
    into
        question
        (content, create_date, subject) 
    values
        (?, ?, ?)
Hibernate: 
    insert 
    into
        question
        (content, create_date, subject) 
    values
        (?, ?, ?)
Hibernate: 
    insert 
    into
        question
        (content, create_date, subject) 
    values
        (?, ?, ?)
Hibernate: 
    insert 
    into
        question
        (content, create_date, subject) 
    values
        (?, ?, ?)
Hibernate: 
    insert 
    into
        question
        (content, create_date, subject) 
    values
        (?, ?, ?)
Hibernate: 
    insert 
    into
        question
        (content, create_date, subject) 
    values
        (?, ?, ?)
Hibernate: 
    insert 
    into
        question
        (content, create_date, subject) 
    values
        (?, ?, ?)
Hibernate: 
    insert 
    into
        question
        (content, create_date, subject) 
    values
        (?, ?, ?)
Hibernate: 
    insert 
    into
        question
        (content, create_date, subject) 
    values
        (?, ?, ?)
Hibernate: 
    insert 
    into
        question
        (content, create_date, subject) 
    values
        (?, ?, ?)
Hibernate: 
    insert 
    into
        question
        (content, create_date, subject) 
    values
        (?, ?, ?)
]]></system-out>
  <system-err><![CDATA[]]></system-err>
</testsuite>
